<?xml version="1.0" encoding="UTF-8"?>
<!-- Generated by org.testng.reporters.JUnitReportReporter -->
<testsuite skipped="0" hostname="MahiEnu-PC" name="com.vtiger.testscripts.ProductsCreationMTest" tests="1" failures="0" timestamp="01 Jul 2020 10:25:49 GMT" time="25.633" errors="0">
  <testcase name="createdProducts" time="25.633" classname="com.vtiger.testscripts.ProductsCreationMTest"/>
</testsuite> <!-- com.vtiger.testscripts.ProductsCreationMTest -->
