<?xml version="1.0" encoding="UTF-8"?>
<!-- Generated by org.testng.reporters.JUnitReportReporter -->
<testsuite skipped="0" hostname="MahiEnu-PC" name="com.vtiger.testscripts.ProductsCreationMTest" tests="1" failures="0" timestamp="01 Jul 2020 10:18:27 GMT" time="26.324" errors="0">
  <testcase name="createdProducts" time="26.324" classname="com.vtiger.testscripts.ProductsCreationMTest"/>
</testsuite> <!-- com.vtiger.testscripts.ProductsCreationMTest -->
