<?xml version="1.0" encoding="UTF-8"?>
<!-- Generated by org.testng.reporters.JUnitReportReporter -->
<testsuite skipped="0" hostname="MahiEnu-PC" name="com.vtiger.testscripts.CampaignCreationMTest" tests="1" failures="0" timestamp="01 Jul 2020 10:25:03 GMT" time="28.071" errors="0">
  <testcase name="createdCampaign" time="28.071" classname="com.vtiger.testscripts.CampaignCreationMTest"/>
</testsuite> <!-- com.vtiger.testscripts.CampaignCreationMTest -->
