<?xml version="1.0" encoding="UTF-8"?>
<!-- Generated by org.testng.reporters.JUnitReportReporter -->
<testsuite skipped="0" hostname="MahiEnu-PC" name="com.vtiger.testscripts.LeadCreationMTest" tests="1" failures="0" timestamp="01 Jul 2020 10:24:00 GMT" time="24.274" errors="0">
  <testcase name="createdLead" time="24.274" classname="com.vtiger.testscripts.LeadCreationMTest"/>
</testsuite> <!-- com.vtiger.testscripts.LeadCreationMTest -->
