<?xml version="1.0" encoding="UTF-8"?>
<!-- Generated by org.testng.reporters.JUnitReportReporter -->
<testsuite skipped="0" hostname="MahiEnu-PC" name="com.vtiger.testscripts.ProductsCreationMTest" tests="1" failures="0" timestamp="30 Jun 2020 17:08:45 GMT" time="19.101" errors="0">
  <testcase name="createdProducts" time="19.101" classname="com.vtiger.testscripts.ProductsCreationMTest"/>
</testsuite> <!-- com.vtiger.testscripts.ProductsCreationMTest -->
