<?xml version="1.0" encoding="UTF-8"?>
<!-- Generated by org.testng.reporters.JUnitReportReporter -->
<testsuite skipped="0" hostname="MahiEnu-PC" name="com.vtiger.testscripts.LeadCreationMTest" tests="1" failures="0" timestamp="30 Jun 2020 15:50:23 GMT" time="28.357" errors="0">
  <testcase name="createdLead" time="28.357" classname="com.vtiger.testscripts.LeadCreationMTest"/>
</testsuite> <!-- com.vtiger.testscripts.LeadCreationMTest -->
